---------- Date: 2012-08-08 04:08:35 ~ IP : 194.84.156.18 ----------
REQUEST URI : /
DOM UNABLE TO LOAD: /home6/flyfisi3/public_html/oc_store/vqmod/xml/extends_seo_tags.xml
----------------------------------------------------------------------


---------- Date: 2012-08-08 04:08:45 ~ IP : 194.84.156.18 ----------
REQUEST URI : /desktops/test.html
DOM UNABLE TO LOAD: /home6/flyfisi3/public_html/oc_store/vqmod/xml/extends_seo_tags.xml
----------------------------------------------------------------------


---------- Date: 2012-08-08 04:08:46 ~ IP : 194.84.156.18 ----------
REQUEST URI : /index.php?route=product/product/captcha
DOM UNABLE TO LOAD: /home6/flyfisi3/public_html/oc_store/vqmod/xml/extends_seo_tags.xml
----------------------------------------------------------------------


---------- Date: 2012-08-08 04:08:47 ~ IP : 194.84.156.18 ----------
REQUEST URI : /index.php?route=product/product/review&amp;product_id=42
DOM UNABLE TO LOAD: /home6/flyfisi3/public_html/oc_store/vqmod/xml/extends_seo_tags.xml
----------------------------------------------------------------------


---------- Date: 2012-08-08 04:09:09 ~ IP : 194.84.156.18 ----------
REQUEST URI : /fly-boxes/
DOM UNABLE TO LOAD: /home6/flyfisi3/public_html/oc_store/vqmod/xml/extends_seo_tags.xml
----------------------------------------------------------------------


---------- Date: 2012-08-08 04:09:14 ~ IP : 194.84.156.18 ----------
REQUEST URI : /fly-boxes/
DOM UNABLE TO LOAD: /home6/flyfisi3/public_html/oc_store/vqmod/xml/extends_seo_tags.xml
----------------------------------------------------------------------


---------- Date: 2012-08-09 01:43:47 ~ IP : 194.84.156.18 ----------
REQUEST URI : /flies/
MOD DETAILS:
   modFile   : /home6/flyfisi3/public_html/oc_store/vqmod/xml/vqmod_product_long_description.xml
   id        : Product long description
   version   : 1.0.0
   vqmver    : 1.0.8
   author    : Modification: Ruslan Brest aka rb2; vQmod: Stalker780
SEARCH NOT FOUND (ABORTING MOD): 'description' => mb_substr(strip_tags(html_entity_decode($result['description'], ENT_QUOTES, 'UTF-8')), 0, 100) . '..',
----------------------------------------------------------------------


---------- Date: 2012-08-09 01:44:07 ~ IP : 194.84.156.18 ----------
REQUEST URI : /flies/
MOD DETAILS:
   modFile   : /home6/flyfisi3/public_html/oc_store/vqmod/xml/vqmod_product_long_description.xml
   id        : Product long description
   version   : 1.0.0
   vqmver    : 1.0.8
   author    : Modification: Ruslan Brest aka rb2; vQmod: Stalker780
SEARCH NOT FOUND (ABORTING MOD): 'description' => mb_substr(strip_tags(html_entity_decode($result['description'], ENT_QUOTES, 'UTF-8')), 0, 100) . '..',
----------------------------------------------------------------------


---------- Date: 2012-08-09 01:45:35 ~ IP : 194.84.156.18 ----------
REQUEST URI : /flies/
MOD DETAILS:
   modFile   : /home6/flyfisi3/public_html/oc_store/vqmod/xml/vqmod_product_long_description.xml
   id        : Product long description
   version   : 1.5.3
   vqmver    : 18.06.2012
   author    : Modification: Ruslan Brest aka rb2; vQmod: Stalker780
SEARCH NOT FOUND (ABORTING MOD): 'description' => mb_substr(strip_tags(html_entity_decode($result['description'], ENT_QUOTES, 'UTF-8')), 0, 100) . '..',
----------------------------------------------------------------------


---------- Date: 2012-08-09 01:45:45 ~ IP : 194.84.156.18 ----------
REQUEST URI : /flies/
MOD DETAILS:
   modFile   : /home6/flyfisi3/public_html/oc_store/vqmod/xml/vqmod_product_long_description.xml
   id        : Product long description
   version   : 1.5.3
   vqmver    : 18.06.2012
   author    : Modification: Ruslan Brest aka rb2; vQmod: Stalker780
SEARCH NOT FOUND (ABORTING MOD): 'description' => mb_substr(strip_tags(html_entity_decode($result['description'], ENT_QUOTES, 'UTF-8')), 0, 100) . '..',
----------------------------------------------------------------------


---------- Date: 2012-08-09 01:46:10 ~ IP : 194.84.156.18 ----------
REQUEST URI : /flies/
MOD DETAILS:
   modFile   : /home6/flyfisi3/public_html/oc_store/vqmod/xml/vqmod_product_long_description.xml
   id        : Product long description
   version   : 1.5.3
   vqmver    : 18.06.2012
   author    : Modification: Ruslan Brest aka rb2; vQmod: Stalker780
SEARCH NOT FOUND (ABORTING MOD): 'description' => mb_substr(strip_tags(html_entity_decode($result['description'], ENT_QUOTES, 'UTF-8')), 0, 100) . '..',
----------------------------------------------------------------------


---------- Date: 2012-08-09 01:46:11 ~ IP : 194.84.156.18 ----------
REQUEST URI : /flies/
MOD DETAILS:
   modFile   : /home6/flyfisi3/public_html/oc_store/vqmod/xml/vqmod_product_long_description.xml
   id        : Product long description
   version   : 1.5.3
   vqmver    : 18.06.2012
   author    : Modification: Ruslan Brest aka rb2; vQmod: Stalker780
SEARCH NOT FOUND (ABORTING MOD): 'description' => mb_substr(strip_tags(html_entity_decode($result['description'], ENT_QUOTES, 'UTF-8')), 0, 100) . '..',
----------------------------------------------------------------------


---------- Date: 2012-08-09 02:00:21 ~ IP : 194.84.156.18 ----------
REQUEST URI : /flies/
MOD DETAILS:
   modFile   : /home6/flyfisi3/public_html/oc_store/vqmod/xml/vqmod_product_long_description.xml
   id        : Product long description
   version   : 1.5.x
   vqmver    : 2.1.6
   author    : Modification: Ruslan Brest aka rb2; vQmod: Stalker780
SEARCH NOT FOUND (ABORTING MOD): 'description' => mb_substr(strip_tags(html_entity_decode($result['description'], ENT_QUOTES, 'UTF-8')), 0, 100) . '..',
----------------------------------------------------------------------


---------- Date: 2012-08-09 02:00:23 ~ IP : 194.84.156.18 ----------
REQUEST URI : /flies/
MOD DETAILS:
   modFile   : /home6/flyfisi3/public_html/oc_store/vqmod/xml/vqmod_product_long_description.xml
   id        : Product long description
   version   : 1.5.x
   vqmver    : 2.1.6
   author    : Modification: Ruslan Brest aka rb2; vQmod: Stalker780
SEARCH NOT FOUND (ABORTING MOD): 'description' => mb_substr(strip_tags(html_entity_decode($result['description'], ENT_QUOTES, 'UTF-8')), 0, 100) . '..',
----------------------------------------------------------------------


